<?xml version="1.0" encoding="UTF-8"?>
<!-- Generated by org.testng.reporters.JUnitReportReporter -->
<testsuite hostname="Krishnas-MacBook-Pro.local" failures="0" tests="1" name="StepDefinitions.SeleniumGrid" time="6.970" errors="0" timestamp="2023-09-02T01:36:17 EDT" skipped="0">
  <testcase classname="StepDefinitions.SeleniumGrid" name="runGrid" time="6.970"/>
</testsuite> <!-- StepDefinitions.SeleniumGrid -->
