<?xml version="1.0" encoding="UTF-8"?>
<!-- Generated by org.testng.reporters.JUnitReportReporter -->
<testsuite hostname="Krishnas-MacBook-Pro.local" failures="0" tests="1" name="StepDefinitions.SwiggyTest" time="33.795" errors="0" timestamp="2023-09-02T01:24:40 EDT" skipped="0">
  <testcase classname="StepDefinitions.SwiggyTest" name="f" time="33.795"/>
</testsuite> <!-- StepDefinitions.SwiggyTest -->
