<?xml version="1.0" encoding="UTF-8"?>
<!-- Generated by org.testng.reporters.JUnitReportReporter -->
<testsuite hostname="Krishnas-MacBook-Pro.local" failures="0" tests="1" name="StepDefinitions.StarWar" time="1.793" errors="0" timestamp="2023-08-31T14:15:51 EDT" skipped="0">
  <testcase classname="StepDefinitions.StarWar" name="f" time="1.793"/>
</testsuite> <!-- StepDefinitions.StarWar -->
